[2025-06-26 12:24:58,278] 20 root - INFO - Data ingestion method starts..
[2025-06-26 12:24:58,938] 24 root - INFO - Dataset read as pandas dataframe
[2025-06-26 12:25:01,259] 30 root - INFO - Train Test Split
[2025-06-26 12:25:03,987] 36 root - INFO - ingestion of data completed
[2025-06-26 12:25:04,570] 67 root - INFO - read train and test data completed
[2025-06-26 12:25:04,659] 69 root - INFO - train dataframe head : 
   Unnamed: 0      id  carat        cut color clarity  depth  table     x     y     z  price
0       11504   11504   0.41      Ideal     E    VVS2   60.6   56.0  4.85  4.80  2.93   1181
1       95284   95284   1.23  Very Good     H     VS1   59.9   59.0  6.91  7.01  4.19   7418
2      184777  184777   1.70    Premium     H     VS2   62.0   58.0  7.61  7.66  4.74  12755
3        5419    5419   0.33      Ideal     F    VVS1   61.2   56.0  4.47  4.44  2.73   1020
4       45466   45466   0.33  Very Good     I     SI1   62.1   58.0  4.41  4.45  2.75    445
[2025-06-26 12:25:04,669] 70 root - INFO - test dataframe head : 
   Unnamed: 0      id  carat        cut color clarity  depth  table     x     y     z  price
0       14868   14868   0.50      Ideal     D     SI1   62.1   57.0  5.05  5.08  3.14   1355
1      165613  165613   2.00  Very Good     G     SI2   59.5   57.0  8.08  8.15  4.89  14691
2       96727   96727   0.27    Premium     E    VVS1   60.5   59.0  4.19  4.16  2.52    844
3      145593  145593   0.32    Premium     I    VVS1   61.2   59.0  4.43  4.44  2.71    707
4      118689  118689   1.19      Ideal     H     SI1   62.5   56.0  6.77  6.81  4.23   5797
[2025-06-26 12:25:04,669] 72 root - INFO - obtaining preprocessor details
[2025-06-26 12:25:04,669] 26 root - INFO - Data transformation initiated
[2025-06-26 12:25:04,669] 35 root - INFO - pipeline initiated
[2025-06-26 12:25:04,669] 57 root - INFO - Pipeline completed
[2025-06-26 12:25:05,439] 87 root - INFO - applying preprocessing objects on training and testing datasets
[2025-06-26 12:25:05,487] 97 root - INFO - preprocessor pickle created and saved
[2025-06-26 12:25:05,498] 27 root - INFO - splitting dependent and independent variables from train and test data
